<?xml version="1.0" encoding="UTF-8"?>
<testsuite xmlns:xsi="http://www.w3.org/2001/XMLSchema-instance" xsi:noNamespaceSchemaLocation="https://maven.apache.org/surefire/maven-surefire-plugin/xsd/surefire-test-report.xsd" name="com.xyj.TliasWebManagementApplicationTests" time="0.674" tests="4" errors="1" skipped="0" failures="0">
  <properties>
[...]
</properties>
  <testcase name="testUuid" classname="com.xyj.TliasWebManagementApplicationTests" time="0.209"/>
  <testcase name="hashpsd" classname="com.xyj.TliasWebManagementApplicationTests" time="0.181"/>
  <testcase name="testGenJwt" classname="com.xyj.TliasWebManagementApplicationTests" time="0.243"/>
  <testcase name="testParseJwt" classname="com.xyj.TliasWebManagementApplicationTests" time="0.032">
    <error message="JWT expired at 2023-11-08T18:35:27Z. Current time: 2023-11-28T17:43:15Z, a difference of 1724868982 milliseconds.  Allowed clock skew: 0 milliseconds." type="io.jsonwebtoken.ExpiredJwtException">io.jsonwebtoken.ExpiredJwtException: JWT expired at 2023-11-08T18:35:27Z. Current time: 2023-11-28T17:43:15Z, a difference of 1724868982 milliseconds.  Allowed clock skew: 0 milliseconds.
	at com.xyj.TliasWebManagementApplicationTests.testParseJwt(TliasWebManagementApplicationTests.java:51)
</error>
  </testcase>
</testsuite>